
[INFO] 2025-06-11 18:07:20.581103 - Успешно инициализирован GitHub репозиторий
[INFO] 2025-06-11 18:07:21.809004 - Логи успешно обновлены на GitHub
[INFO] 2025-06-11 18:07:23.271576 - Логи успешно обновлены на GitHub
[INFO] 2025-06-11 18:07:24.718576 - Логи успешно обновлены на GitHub
[INFO] 2025-06-11 18:07:26.247028 - Логи успешно обновлены на GitHub
[INFO] 2025-06-11 18:07:27.695019 - Логи успешно обновлены на GitHub
[INFO] 2025-06-11 18:07:29.232480 - Логи успешно обновлены на GitHub
[INFO] 2025-06-11 18:07:30.726515 - Логи успешно обновлены на GitHub
[INFO] 2025-06-11 18:07:32.364240 - Логи успешно обновлены на GitHub
[INFO] 2025-06-11 18:07:33.888022 - Логи успешно обновлены на GitHub
[INFO] 2025-06-11 18:07:35.424830 - Логи успешно обновлены на GitHub
[INFO] 2025-06-11 18:07:36.970735 - Логи успешно обновлены на GitHub
[INFO] 2025-06-11 18:07:38.519833 - Логи успешно обновлены на GitHub
[INFO] 2025-06-11 18:07:40.013389 - Логи успешно обновлены на GitHub
[INFO] 2025-06-11 18:07:41.523608 - Логи успешно обновлены на GitHub
[INFO] 2025-06-11 18:07:43.056225 - Логи успешно обновлены на GitHub
[INFO] 2025-06-11 18:07:44.477322 - Логи успешно обновлены на GitHub
[INFO] 2025-06-11 18:07:45.930788 - Логи успешно обновлены на GitHub
[INFO] 2025-06-11 18:07:47.415010 - Логи успешно обновлены на GitHub
[INFO] 2025-06-11 18:07:48.903861 - Логи успешно обновлены на GitHub
[INFO] 2025-06-11 18:07:50.431232 - Логи успешно обновлены на GitHub
[INFO] 2025-06-11 18:07:51.977836 - Логи успешно обновлены на GitHub
[INFO] 2025-06-11 18:07:53.488338 - Логи успешно обновлены на GitHub
[INFO] 2025-06-11 18:07:55.015835 - Логи успешно обновлены на GitHub
[INFO] 2025-06-11 18:07:56.586955 - Логи успешно обновлены на GitHub
[INFO] 2025-06-11 18:07:58.065137 - Логи успешно обновлены на GitHub
[INFO] 2025-06-11 18:07:59.553699 - Логи успешно обновлены на GitHub
[INFO] 2025-06-11 18:08:01.049107 - Логи успешно обновлены на GitHub
[INFO] 2025-06-11 18:08:02.615125 - Логи успешно обновлены на GitHub
[INFO] 2025-06-11 18:08:04.104680 - Логи успешно обновлены на GitHub
[INFO] 2025-06-11 18:08:05.549107 - Логи успешно обновлены на GitHub
[INFO] 2025-06-11 18:08:07.046796 - Логи успешно обновлены на GitHub
[INFO] 2025-06-11 18:08:08.539582 - Логи успешно обновлены на GitHub
[INFO] 2025-06-11 18:08:10.046197 - Логи успешно обновлены на GitHub
[INFO] 2025-06-11 18:08:11.508318 - Логи успешно обновлены на GitHub
[INFO] 2025-06-11 18:08:13.023379 - Логи успешно обновлены на GitHub
[INFO] 2025-06-11 18:08:14.630597 - Логи успешно обновлены на GitHub
[INFO] 2025-06-11 18:08:16.138414 - Логи успешно обновлены на GitHub
[INFO] 2025-06-11 18:08:17.615285 - Логи успешно обновлены на GitHub
[INFO] 2025-06-11 18:08:19.131679 - Логи успешно обновлены на GitHub
[INFO] 2025-06-11 18:08:20.653027 - Логи успешно обновлены на GitHub
[INFO] 2025-06-11 18:08:22.222309 - Логи успешно обновлены на GitHub
[INFO] 2025-06-11 18:08:23.708533 - Логи успешно обновлены на GitHub
[INFO] 2025-06-11 18:08:25.304503 - Логи успешно обновлены на GitHub
[INFO] 2025-06-11 18:08:26.922894 - Логи успешно обновлены на GitHub
[INFO] 2025-06-11 18:08:28.501988 - Логи успешно обновлены на GitHub
[INFO] 2025-06-11 18:08:30.098005 - Логи успешно обновлены на GitHub
[INFO] 2025-06-11 18:08:31.695009 - Логи успешно обновлены на GitHub
[INFO] 2025-06-11 18:08:33.284014 - Логи успешно обновлены на GitHub
[INFO] 2025-06-11 18:08:34.723283 - Логи успешно обновлены на GitHub
[INFO] 2025-06-11 18:08:36.325283 - Логи успешно обновлены на GitHub
[INFO] 2025-06-11 18:08:37.786666 - Логи успешно обновлены на GitHub
[INFO] 2025-06-11 18:08:39.243922 - Логи успешно обновлены на GitHub
[INFO] 2025-06-11 18:08:40.721552 - Логи успешно обновлены на GitHub
[INFO] 2025-06-11 18:08:42.257229 - Логи успешно обновлены на GitHub
[INFO] 2025-06-11 18:08:43.756651 - Логи успешно обновлены на GitHub
[INFO] 2025-06-11 18:08:45.267223 - Логи успешно обновлены на GitHub
[INFO] 2025-06-11 18:08:46.801623 - Логи успешно обновлены на GitHub
[INFO] 2025-06-11 18:08:48.321486 - Логи успешно обновлены на GitHub
[INFO] 2025-06-11 18:08:49.815389 - Логи успешно обновлены на GitHub
[INFO] 2025-06-11 18:08:51.311936 - Логи успешно обновлены на GitHub
[INFO] 2025-06-11 18:08:52.728800 - Логи успешно обновлены на GitHub
[INFO] 2025-06-11 18:08:54.181568 - Логи успешно обновлены на GitHub
[INFO] 2025-06-11 18:08:55.683303 - Логи успешно обновлены на GitHub
[INFO] 2025-06-11 18:08:57.158166 - Логи успешно обновлены на GitHub
[INFO] 2025-06-11 18:08:58.785499 - Логи успешно обновлены на GitHub
[INFO] 2025-06-11 18:09:00.284345 - Логи успешно обновлены на GitHub
[INFO] 2025-06-11 18:09:01.750069 - Логи успешно обновлены на GitHub
[INFO] 2025-06-11 18:09:03.206732 - Логи успешно обновлены на GitHub
[INFO] 2025-06-11 18:09:04.645651 - Логи успешно обновлены на GitHub
[INFO] 2025-06-11 18:09:06.181816 - Логи успешно обновлены на GitHub
[INFO] 2025-06-11 18:09:07.732522 - Логи успешно обновлены на GitHub
[INFO] 2025-06-11 18:09:09.252157 - Логи успешно обновлены на GitHub
[INFO] 2025-06-11 18:09:10.806446 - Логи успешно обновлены на GitHub
[INFO] 2025-06-11 18:09:12.373773 - Логи успешно обновлены на GitHub
[INFO] 2025-06-11 18:09:13.818774 - Логи успешно обновлены на GitHub
[INFO] 2025-06-11 18:09:15.335152 - Логи успешно обновлены на GitHub
[INFO] 2025-06-11 18:09:16.855643 - Логи успешно обновлены на GitHub
[INFO] 2025-06-11 18:09:18.338354 - Логи успешно обновлены на GitHub
[INFO] 2025-06-11 18:09:19.845322 - Логи успешно обновлены на GitHub
[INFO] 2025-06-11 18:09:21.311337 - Логи успешно обновлены на GitHub
[INFO] 2025-06-11 18:09:22.830165 - Логи успешно обновлены на GitHub
[INFO] 2025-06-11 18:09:24.328857 - Логи успешно обновлены на GitHub
[INFO] 2025-06-11 18:09:25.856008 - Логи успешно обновлены на GitHub
[INFO] 2025-06-11 18:09:27.290709 - Логи успешно обновлены на GitHub
[INFO] 2025-06-11 18:09:28.781492 - Логи успешно обновлены на GitHub
[INFO] 2025-06-11 18:09:30.301272 - Логи успешно обновлены на GitHub
[INFO] 2025-06-11 18:09:31.804310 - Логи успешно обновлены на GitHub
[INFO] 2025-06-11 18:09:33.381317 - Логи успешно обновлены на GitHub
[INFO] 2025-06-11 18:09:34.891987 - Логи успешно обновлены на GitHub
[INFO] 2025-06-11 18:09:36.506854 - Логи успешно обновлены на GitHub
[INFO] 2025-06-11 18:09:37.981451 - Логи успешно обновлены на GitHub
[INFO] 2025-06-11 18:09:39.540079 - Логи успешно обновлены на GitHub
[INFO] 2025-06-11 18:09:40.936888 - Логи успешно обновлены на GitHub
[INFO] 2025-06-11 18:09:42.477338 - Логи успешно обновлены на GitHub
[INFO] 2025-06-11 18:09:43.970127 - Логи успешно обновлены на GitHub
[INFO] 2025-06-11 18:09:45.472138 - Логи успешно обновлены на GitHub
[INFO] 2025-06-11 18:09:46.990417 - Логи успешно обновлены на GitHub
[INFO] 2025-06-11 18:09:48.419831 - Логи успешно обновлены на GitHub
[INFO] 2025-06-11 18:09:49.942178 - Логи успешно обновлены на GitHub
[INFO] 2025-06-11 18:09:51.486788 - Логи успешно обновлены на GitHub
[INFO] 2025-06-11 18:09:52.980724 - Логи успешно обновлены на GitHub
[INFO] 2025-06-11 18:09:54.477534 - Логи успешно обновлены на GitHub
[INFO] 2025-06-11 18:09:56.020021 - Логи успешно обновлены на GitHub
[INFO] 2025-06-11 18:09:57.588640 - Логи успешно обновлены на GitHub
[INFO] 2025-06-11 18:09:59.162984 - Логи успешно обновлены на GitHub
[INFO] 2025-06-11 18:10:00.692533 - Логи успешно обновлены на GitHub
[INFO] 2025-06-11 18:10:02.177809 - Логи успешно обновлены на GitHub
[INFO] 2025-06-11 18:10:03.666336 - Логи успешно обновлены на GitHub
[INFO] 2025-06-11 18:10:05.177855 - Логи успешно обновлены на GitHub
[INFO] 2025-06-11 18:10:06.677864 - Логи успешно обновлены на GitHub
[INFO] 2025-06-11 18:10:08.169064 - Логи успешно обновлены на GitHub
[INFO] 2025-06-11 18:10:09.756202 - Логи успешно обновлены на GitHub
[INFO] 2025-06-11 18:10:11.255886 - Логи успешно обновлены на GitHub
[INFO] 2025-06-11 18:10:12.756485 - Логи успешно обновлены на GitHub
[INFO] 2025-06-11 18:10:14.273110 - Логи успешно обновлены на GitHub
[INFO] 2025-06-11 18:10:15.824983 - Логи успешно обновлены на GitHub
[INFO] 2025-06-11 18:10:17.507721 - Логи успешно обновлены на GitHub
[INFO] 2025-06-11 18:10:18.973681 - Логи успешно обновлены на GitHub
[INFO] 2025-06-11 18:10:20.442946 - Логи успешно обновлены на GitHub
[INFO] 2025-06-11 18:10:22.023427 - Логи успешно обновлены на GitHub
[INFO] 2025-06-11 18:10:23.591388 - Логи успешно обновлены на GitHub
[INFO] 2025-06-11 18:10:25.124745 - Логи успешно обновлены на GitHub
[INFO] 2025-06-11 18:10:26.588565 - Логи успешно обновлены на GitHub
[INFO] 2025-06-11 18:10:28.073728 - Логи успешно обновлены на GitHub
[INFO] 2025-06-11 18:10:29.675079 - Логи успешно обновлены на GitHub
[INFO] 2025-06-11 18:10:31.164677 - Логи успешно обновлены на GitHub
[INFO] 2025-06-11 18:10:32.684231 - Логи успешно обновлены на GitHub
[INFO] 2025-06-11 18:10:34.297606 - Логи успешно обновлены на GitHub
[INFO] 2025-06-11 18:10:35.844892 - Логи успешно обновлены на GitHub
[INFO] 2025-06-11 18:10:37.397572 - Логи успешно обновлены на GitHub
[INFO] 2025-06-11 18:10:38.857973 - Логи успешно обновлены на GitHub
[INFO] 2025-06-11 18:10:40.376481 - Логи успешно обновлены на GitHub
[INFO] 2025-06-11 18:10:41.838639 - Логи успешно обновлены на GitHub
[INFO] 2025-06-11 18:10:43.433032 - Логи успешно обновлены на GitHub
[INFO] 2025-06-11 18:10:44.976069 - Логи успешно обновлены на GitHub
[INFO] 2025-06-11 18:10:46.440717 - Логи успешно обновлены на GitHub
[INFO] 2025-06-11 18:10:47.926616 - Логи успешно обновлены на GitHub
[INFO] 2025-06-11 18:10:49.443193 - Логи успешно обновлены на GitHub
[INFO] 2025-06-11 18:10:50.980908 - Логи успешно обновлены на GitHub
[INFO] 2025-06-11 18:10:52.501135 - Логи успешно обновлены на GitHub
[INFO] 2025-06-11 18:10:54.093543 - Логи успешно обновлены на GitHub
[INFO] 2025-06-11 18:10:55.727205 - Логи успешно обновлены на GitHub
[INFO] 2025-06-11 18:10:57.262302 - Логи успешно обновлены на GitHub
[INFO] 2025-06-11 18:10:58.752073 - Логи успешно обновлены на GitHub
[INFO] 2025-06-11 18:11:00.363755 - Логи успешно обновлены на GitHub
[INFO] 2025-06-11 18:11:01.943152 - Логи успешно обновлены на GitHub
[INFO] 2025-06-11 18:11:03.462071 - Логи успешно обновлены на GitHub
[INFO] 2025-06-11 18:11:05.028484 - Логи успешно обновлены на GitHub
[INFO] 2025-06-11 18:11:06.564536 - Логи успешно обновлены на GitHub
[INFO] 2025-06-11 18:11:08.031832 - Логи успешно обновлены на GitHub
[INFO] 2025-06-11 18:11:09.700378 - Логи успешно обновлены на GitHub
[INFO] 2025-06-11 18:11:11.137881 - Логи успешно обновлены на GitHub
[INFO] 2025-06-11 18:11:12.708312 - Логи успешно обновлены на GitHub
[INFO] 2025-06-11 18:11:14.301796 - Логи успешно обновлены на GitHub
[INFO] 2025-06-11 18:11:15.793801 - Логи успешно обновлены на GitHub
[INFO] 2025-06-11 18:11:17.335201 - Логи успешно обновлены на GitHub
[INFO] 2025-06-11 18:11:19.177811 - Логи успешно обновлены на GitHub
[INFO] 2025-06-11 18:11:20.700388 - Логи успешно обновлены на GitHub
[INFO] 2025-06-11 18:11:22.323645 - Логи успешно обновлены на GitHub
[INFO] 2025-06-11 18:11:23.916282 - Логи успешно обновлены на GitHub
[INFO] 2025-06-11 18:11:25.461823 - Логи успешно обновлены на GitHub
[INFO] 2025-06-11 18:11:26.951866 - Логи успешно обновлены на GitHub
[INFO] 2025-06-11 18:11:28.527444 - Логи успешно обновлены на GitHub
[INFO] 2025-06-11 18:11:30.091031 - Логи успешно обновлены на GitHub
[INFO] 2025-06-11 18:11:31.649102 - Логи успешно обновлены на GitHub
[INFO] 2025-06-11 18:11:33.196676 - Логи успешно обновлены на GitHub
[INFO] 2025-06-11 18:11:34.699872 - Логи успешно обновлены на GitHub
[INFO] 2025-06-11 18:11:36.365615 - Логи успешно обновлены на GitHub
[INFO] 2025-06-11 18:11:37.949979 - Логи успешно обновлены на GitHub
[INFO] 2025-06-11 18:11:39.596528 - Логи успешно обновлены на GitHub
[INFO] 2025-06-11 18:11:41.035483 - Логи успешно обновлены на GitHub
[INFO] 2025-06-11 18:11:42.580298 - Логи успешно обновлены на GitHub
[INFO] 2025-06-11 18:11:44.115551 - Логи успешно обновлены на GitHub
[INFO] 2025-06-11 18:11:45.626660 - Логи успешно обновлены на GitHub
[INFO] 2025-06-11 18:11:47.062884 - Логи успешно обновлены на GitHub
[INFO] 2025-06-11 18:11:48.643253 - Логи успешно обновлены на GitHub
[INFO] 2025-06-11 18:11:50.179500 - Логи успешно обновлены на GitHub
[INFO] 2025-06-11 18:11:51.690022 - Логи успешно обновлены на GitHub
[INFO] 2025-06-11 18:11:53.264474 - Логи успешно обновлены на GitHub
[INFO] 2025-06-11 18:11:54.771910 - Логи успешно обновлены на GitHub
[INFO] 2025-06-11 18:11:56.399901 - Логи успешно обновлены на GitHub
[INFO] 2025-06-11 18:11:57.894935 - Логи успешно обновлены на GitHub
[INFO] 2025-06-11 18:11:59.433570 - Логи успешно обновлены на GitHub
[INFO] 2025-06-11 18:12:01.002612 - Логи успешно обновлены на GitHub
[INFO] 2025-06-11 18:12:02.580172 - Логи успешно обновлены на GitHub
[INFO] 2025-06-11 18:12:04.105295 - Логи успешно обновлены на GitHub
[INFO] 2025-06-11 18:12:05.769975 - Логи успешно обновлены на GitHub
[INFO] 2025-06-11 18:12:07.349335 - Логи успешно обновлены на GitHub
[INFO] 2025-06-11 18:12:08.874528 - Логи успешно обновлены на GitHub
[INFO] 2025-06-11 18:12:10.424916 - Логи успешно обновлены на GitHub
[INFO] 2025-06-11 18:12:11.990011 - Логи успешно обновлены на GitHub
[INFO] 2025-06-11 18:12:13.529087 - Логи успешно обновлены на GitHub
[INFO] 2025-06-11 18:12:15.706233 - Логи успешно обновлены на GitHub
[INFO] 2025-06-11 18:12:17.298315 - Логи успешно обновлены на GitHub
[INFO] 2025-06-11 18:12:18.930762 - Логи успешно обновлены на GitHub
[INFO] 2025-06-11 18:12:20.592117 - Логи успешно обновлены на GitHub
[INFO] 2025-06-11 18:12:22.194728 - Логи успешно обновлены на GitHub
[INFO] 2025-06-11 18:12:23.692930 - Логи успешно обновлены на GitHub
[INFO] 2025-06-11 18:12:25.265255 - Логи успешно обновлены на GitHub
[INFO] 2025-06-11 18:12:26.851473 - Логи успешно обновлены на GitHub
[INFO] 2025-06-11 18:12:28.341396 - Логи успешно обновлены на GitHub
[INFO] 2025-06-11 18:12:29.786099 - Логи успешно обновлены на GitHub
[INFO] 2025-06-11 18:12:31.351413 - Логи успешно обновлены на GitHub
[INFO] 2025-06-11 18:12:32.822215 - Логи успешно обновлены на GitHub
[INFO] 2025-06-11 18:12:34.292818 - Логи успешно обновлены на GitHub
[INFO] 2025-06-11 18:12:35.909587 - Логи успешно обновлены на GitHub
[INFO] 2025-06-11 18:12:37.496158 - Логи успешно обновлены на GitHub
[INFO] 2025-06-11 18:12:39.096383 - Логи успешно обновлены на GitHub
[INFO] 2025-06-11 18:12:40.606913 - Логи успешно обновлены на GitHub
[INFO] 2025-06-11 18:12:42.126271 - Логи успешно обновлены на GitHub
[INFO] 2025-06-11 18:12:43.649123 - Логи успешно обновлены на GitHub
[INFO] 2025-06-11 18:12:45.140777 - Логи успешно обновлены на GitHub
[INFO] 2025-06-11 18:12:46.838608 - Логи успешно обновлены на GitHub
[INFO] 2025-06-11 18:12:48.323706 - Логи успешно обновлены на GitHub
[INFO] 2025-06-11 18:12:49.903355 - Логи успешно обновлены на GitHub
[INFO] 2025-06-11 18:12:51.384300 - Логи успешно обновлены на GitHub
[INFO] 2025-06-11 18:12:52.954527 - Логи успешно обновлены на GitHub
[INFO] 2025-06-11 18:12:54.455245 - Логи успешно обновлены на GitHub
[INFO] 2025-06-11 18:12:56.008915 - Логи успешно обновлены на GitHub
[INFO] 2025-06-11 18:12:57.462876 - Логи успешно обновлены на GitHub
[INFO] 2025-06-11 18:12:58.944716 - Логи успешно обновлены на GitHub
[INFO] 2025-06-11 18:13:00.474420 - Логи успешно обновлены на GitHub
[INFO] 2025-06-11 18:13:01.931473 - Логи успешно обновлены на GitHub
[INFO] 2025-06-11 18:13:03.496958 - Логи успешно обновлены на GitHub
[INFO] 2025-06-11 18:13:05.003025 - Логи успешно обновлены на GitHub
[INFO] 2025-06-11 18:13:06.444670 - Логи успешно обновлены на GitHub
[INFO] 2025-06-11 18:13:08.029500 - Логи успешно обновлены на GitHub
[INFO] 2025-06-11 18:13:09.594084 - Логи успешно обновлены на GitHub
[INFO] 2025-06-11 18:13:11.145674 - Логи успешно обновлены на GitHub
[INFO] 2025-06-11 18:13:12.667691 - Логи успешно обновлены на GitHub
[INFO] 2025-06-11 18:13:14.351095 - Логи успешно обновлены на GitHub
[INFO] 2025-06-11 18:13:15.963942 - Логи успешно обновлены на GitHub
[INFO] 2025-06-11 18:13:17.531274 - Логи успешно обновлены на GitHub
[INFO] 2025-06-11 18:13:19.035687 - Логи успешно обновлены на GitHub
[INFO] 2025-06-11 18:13:20.537626 - Логи успешно обновлены на GitHub
[INFO] 2025-06-11 18:13:22.065322 - Логи успешно обновлены на GitHub
[INFO] 2025-06-11 18:13:23.639025 - Логи успешно обновлены на GitHub
[INFO] 2025-06-11 18:13:25.222931 - Логи успешно обновлены на GitHub
[INFO] 2025-06-11 18:13:26.825195 - Логи успешно обновлены на GitHub
[INFO] 2025-06-11 18:13:28.484150 - Логи успешно обновлены на GitHub
[INFO] 2025-06-11 18:13:30.057023 - Логи успешно обновлены на GitHub
[INFO] 2025-06-11 18:13:31.665073 - Логи успешно обновлены на GitHub
[INFO] 2025-06-11 18:13:33.155828 - Логи успешно обновлены на GitHub
[INFO] 2025-06-11 18:13:34.752043 - Логи успешно обновлены на GitHub
[INFO] 2025-06-11 18:13:36.214797 - Логи успешно обновлены на GitHub
[INFO] 2025-06-11 18:13:37.831594 - Логи успешно обновлены на GitHub
[INFO] 2025-06-11 18:13:39.383714 - Логи успешно обновлены на GitHub
[INFO] 2025-06-11 18:13:40.852349 - Логи успешно обновлены на GitHub
[INFO] 2025-06-11 18:13:42.397167 - Логи успешно обновлены на GitHub
[INFO] 2025-06-11 18:13:44.053503 - Логи успешно обновлены на GitHub
[INFO] 2025-06-11 18:13:45.643570 - Логи успешно обновлены на GitHub
[INFO] 2025-06-11 18:13:47.232541 - Логи успешно обновлены на GitHub
[INFO] 2025-06-11 18:13:48.855083 - Логи успешно обновлены на GitHub
[INFO] 2025-06-11 18:13:50.335850 - Логи успешно обновлены на GitHub
[INFO] 2025-06-11 18:13:51.828860 - Логи успешно обновлены на GitHub
[INFO] 2025-06-11 18:13:53.389702 - Логи успешно обновлены на GitHub
[INFO] 2025-06-11 18:13:54.916258 - Логи успешно обновлены на GitHub
[INFO] 2025-06-11 18:13:56.471776 - Логи успешно обновлены на GitHub
[INFO] 2025-06-11 18:13:57.986083 - Логи успешно обновлены на GitHub
[INFO] 2025-06-11 18:13:59.600464 - Логи успешно обновлены на GitHub
[INFO] 2025-06-11 18:14:01.149227 - Логи успешно обновлены на GitHub
[INFO] 2025-06-11 18:14:02.727570 - Логи успешно обновлены на GitHub
[INFO] 2025-06-11 18:14:04.329576 - Логи успешно обновлены на GitHub
[INFO] 2025-06-11 18:14:05.865526 - Логи успешно обновлены на GitHub
[INFO] 2025-06-11 18:14:07.383834 - Логи успешно обновлены на GitHub
[INFO] 2025-06-11 18:14:08.967687 - Логи успешно обновлены на GitHub
[INFO] 2025-06-11 18:14:10.533465 - Логи успешно обновлены на GitHub
[INFO] 2025-06-11 18:14:12.107727 - Логи успешно обновлены на GitHub
[INFO] 2025-06-11 18:14:13.599469 - Логи успешно обновлены на GitHub
[INFO] 2025-06-11 18:14:15.137408 - Логи успешно обновлены на GitHub
[INFO] 2025-06-11 18:14:16.645231 - Логи успешно обновлены на GitHub
[INFO] 2025-06-11 18:14:18.227882 - Логи успешно обновлены на GitHub
[INFO] 2025-06-11 18:14:19.897904 - Логи успешно обновлены на GitHub
[INFO] 2025-06-11 18:14:21.524027 - Логи успешно обновлены на GitHub
[INFO] 2025-06-11 18:14:23.030308 - Логи успешно обновлены на GitHub
[INFO] 2025-06-11 18:14:24.588330 - Логи успешно обновлены на GitHub
[INFO] 2025-06-11 18:14:26.097296 - Логи успешно обновлены на GitHub
[INFO] 2025-06-11 18:14:27.989153 - Логи успешно обновлены на GitHub
[INFO] 2025-06-11 18:14:29.606873 - Логи успешно обновлены на GitHub
[INFO] 2025-06-11 18:14:31.313816 - Логи успешно обновлены на GitHub
[INFO] 2025-06-11 18:14:32.895484 - Логи успешно обновлены на GitHub
[INFO] 2025-06-11 18:14:34.431326 - Логи успешно обновлены на GitHub
[INFO] 2025-06-11 18:14:35.941776 - Логи успешно обновлены на GitHub
[INFO] 2025-06-11 18:14:37.497550 - Логи успешно обновлены на GitHub
[INFO] 2025-06-11 18:14:39.109677 - Логи успешно обновлены на GitHub
[INFO] 2025-06-11 18:14:40.634767 - Логи успешно обновлены на GitHub
[INFO] 2025-06-11 18:14:42.204307 - Логи успешно обновлены на GitHub
[INFO] 2025-06-11 18:14:43.736953 - Логи успешно обновлены на GitHub
[INFO] 2025-06-11 18:14:45.312302 - Логи успешно обновлены на GitHub
[INFO] 2025-06-11 18:14:46.865135 - Логи успешно обновлены на GitHub
[INFO] 2025-06-11 18:14:48.346464 - Логи успешно обновлены на GitHub
[INFO] 2025-06-11 18:14:49.958679 - Логи успешно обновлены на GitHub
[INFO] 2025-06-11 18:14:51.444543 - Логи успешно обновлены на GitHub
[INFO] 2025-06-11 18:14:52.977608 - Логи успешно обновлены на GitHub
[INFO] 2025-06-11 18:14:54.472257 - Логи успешно обновлены на GitHub
[INFO] 2025-06-11 18:14:56.057825 - Логи успешно обновлены на GitHub
[INFO] 2025-06-11 18:14:57.593567 - Логи успешно обновлены на GitHub
[INFO] 2025-06-11 18:14:59.151336 - Логи успешно обновлены на GitHub
[INFO] 2025-06-11 18:15:00.672576 - Логи успешно обновлены на GitHub
[INFO] 2025-06-11 18:15:02.322908 - Логи успешно обновлены на GitHub
[INFO] 2025-06-11 18:15:03.975585 - Логи успешно обновлены на GitHub
[INFO] 2025-06-11 18:15:05.640021 - Логи успешно обновлены на GitHub
[INFO] 2025-06-11 18:15:07.265446 - Логи успешно обновлены на GitHub
[INFO] 2025-06-11 18:15:08.736167 - Логи успешно обновлены на GitHub
[INFO] 2025-06-11 18:15:10.254894 - Логи успешно обновлены на GitHub
[INFO] 2025-06-11 18:15:11.889561 - Логи успешно обновлены на GitHub
[INFO] 2025-06-11 18:15:13.523635 - Логи успешно обновлены на GitHub
[INFO] 2025-06-11 18:15:15.059181 - Логи успешно обновлены на GitHub
[INFO] 2025-06-11 18:15:16.769757 - Логи успешно обновлены на GitHub
[INFO] 2025-06-11 18:15:18.298502 - Логи успешно обновлены на GitHub
[INFO] 2025-06-11 18:15:19.783553 - Логи успешно обновлены на GitHub
[INFO] 2025-06-11 18:15:21.315521 - Логи успешно обновлены на GitHub
[INFO] 2025-06-11 18:15:22.884007 - Логи успешно обновлены на GitHub
[INFO] 2025-06-11 18:15:24.440624 - Логи успешно обновлены на GitHub
[INFO] 2025-06-11 18:15:25.971352 - Логи успешно обновлены на GitHub
[INFO] 2025-06-11 18:15:27.504144 - Логи успешно обновлены на GitHub
[INFO] 2025-06-11 18:15:29.065245 - Логи успешно обновлены на GitHub
[INFO] 2025-06-11 18:15:30.523076 - Логи успешно обновлены на GitHub
[INFO] 2025-06-11 18:15:32.089056 - Логи успешно обновлены на GitHub
[INFO] 2025-06-11 18:15:33.630997 - Логи успешно обновлены на GitHub
[INFO] 2025-06-11 18:15:35.205250 - Логи успешно обновлены на GitHub
[INFO] 2025-06-11 18:15:36.787800 - Логи успешно обновлены на GitHub
[INFO] 2025-06-11 18:15:38.389279 - Логи успешно обновлены на GitHub
[INFO] 2025-06-11 18:15:39.902721 - Логи успешно обновлены на GitHub
[INFO] 2025-06-11 18:15:41.448084 - Логи успешно обновлены на GitHub
[INFO] 2025-06-11 18:15:43.060575 - Логи успешно обновлены на GitHub
[INFO] 2025-06-11 18:15:45.377590 - Логи успешно обновлены на GitHub
[INFO] 2025-06-11 18:15:46.960173 - Логи успешно обновлены на GitHub
[INFO] 2025-06-11 18:15:48.549711 - Логи успешно обновлены на GitHub
[INFO] 2025-06-11 18:15:50.096490 - Логи успешно обновлены на GitHub
[INFO] 2025-06-11 18:15:51.615568 - Логи успешно обновлены на GitHub
[INFO] 2025-06-11 18:15:53.184557 - Логи успешно обновлены на GitHub
[INFO] 2025-06-11 18:15:54.709494 - Логи успешно обновлены на GitHub
[INFO] 2025-06-11 18:15:56.247035 - Логи успешно обновлены на GitHub
[INFO] 2025-06-11 18:15:57.897813 - Логи успешно обновлены на GitHub
[INFO] 2025-06-11 18:15:59.530327 - Логи успешно обновлены на GitHub
[INFO] 2025-06-11 18:16:01.084450 - Логи успешно обновлены на GitHub
[INFO] 2025-06-11 18:16:02.595550 - Логи успешно обновлены на GitHub
[INFO] 2025-06-11 18:16:04.109912 - Логи успешно обновлены на GitHub
[INFO] 2025-06-11 18:16:05.684006 - Логи успешно обновлены на GitHub
[INFO] 2025-06-11 18:16:07.229461 - Логи успешно обновлены на GitHub
[INFO] 2025-06-11 18:16:08.774061 - Логи успешно обновлены на GitHub
[INFO] 2025-06-11 18:16:10.294885 - Логи успешно обновлены на GitHub
[INFO] 2025-06-11 18:16:11.910401 - Логи успешно обновлены на GitHub
[INFO] 2025-06-11 18:16:13.409781 - Логи успешно обновлены на GitHub
[INFO] 2025-06-11 18:16:15.017230 - Логи успешно обновлены на GitHub
[INFO] 2025-06-11 18:16:16.574658 - Логи успешно обновлены на GitHub
[INFO] 2025-06-11 18:16:18.108701 - Логи успешно обновлены на GitHub
[INFO] 2025-06-11 18:16:19.816647 - Логи успешно обновлены на GitHub
[INFO] 2025-06-11 18:16:21.337974 - Логи успешно обновлены на GitHub
[INFO] 2025-06-11 18:16:22.855053 - Логи успешно обновлены на GitHub
[INFO] 2025-06-11 18:16:24.450246 - Логи успешно обновлены на GitHub
[INFO] 2025-06-11 18:16:26.041164 - Логи успешно обновлены на GitHub
[INFO] 2025-06-11 18:16:27.612404 - Логи успешно обновлены на GitHub
[INFO] 2025-06-11 18:16:29.197259 - Логи успешно обновлены на GitHub
[INFO] 2025-06-11 18:16:30.744043 - Логи успешно обновлены на GitHub
[INFO] 2025-06-11 18:16:32.350689 - Логи успешно обновлены на GitHub
[INFO] 2025-06-11 18:16:33.895548 - Логи успешно обновлены на GitHub
[INFO] 2025-06-11 18:16:35.507958 - Логи успешно обновлены на GitHub
[INFO] 2025-06-11 18:16:37.168298 - Логи успешно обновлены на GitHub
[INFO] 2025-06-11 18:16:38.723607 - Логи успешно обновлены на GitHub
[INFO] 2025-06-11 18:16:40.291458 - Логи успешно обновлены на GitHub
[INFO] 2025-06-11 18:16:41.855963 - Логи успешно обновлены на GitHub
[INFO] 2025-06-11 18:16:43.480722 - Логи успешно обновлены на GitHub
[INFO] 2025-06-11 18:16:45.021101 - Логи успешно обновлены на GitHub
[INFO] 2025-06-11 18:16:46.650475 - Логи успешно обновлены на GitHub
[INFO] 2025-06-11 18:16:48.291089 - Логи успешно обновлены на GitHub
[INFO] 2025-06-11 18:16:49.902844 - Логи успешно обновлены на GitHub
[INFO] 2025-06-11 18:16:51.496424 - Логи успешно обновлены на GitHub
[INFO] 2025-06-11 18:16:53.150008 - Логи успешно обновлены на GitHub
[INFO] 2025-06-11 18:16:54.732247 - Логи успешно обновлены на GitHub
[INFO] 2025-06-11 18:16:56.303897 - Логи успешно обновлены на GitHub
[INFO] 2025-06-11 18:16:57.848737 - Логи успешно обновлены на GitHub
[INFO] 2025-06-11 18:16:59.500462 - Логи успешно обновлены на GitHub
[INFO] 2025-06-11 18:17:01.063612 - Логи успешно обновлены на GitHub
[INFO] 2025-06-11 18:17:02.719104 - Логи успешно обновлены на GitHub
[INFO] 2025-06-11 18:17:04.437240 - Логи успешно обновлены на GitHub
[INFO] 2025-06-11 18:17:06.101402 - Логи успешно обновлены на GitHub
[INFO] 2025-06-11 18:17:07.886758 - Логи успешно обновлены на GitHub
[INFO] 2025-06-11 18:17:09.457191 - Логи успешно обновлены на GitHub
[INFO] 2025-06-11 18:17:11.052397 - Логи успешно обновлены на GitHub
[INFO] 2025-06-11 18:17:12.590251 - Логи успешно обновлены на GitHub
[INFO] 2025-06-11 18:17:14.117738 - Логи успешно обновлены на GitHub
[INFO] 2025-06-11 18:17:15.741522 - Логи успешно обновлены на GitHub
[INFO] 2025-06-11 18:17:17.420963 - Логи успешно обновлены на GitHub
[INFO] 2025-06-11 18:17:19.059775 - Логи успешно обновлены на GitHub
[INFO] 2025-06-11 18:17:20.648338 - Логи успешно обновлены на GitHub
[INFO] 2025-06-11 18:17:22.235846 - Логи успешно обновлены на GitHub
[INFO] 2025-06-11 18:17:23.852036 - Логи успешно обновлены на GitHub
[INFO] 2025-06-11 18:17:25.451581 - Логи успешно обновлены на GitHub
[INFO] 2025-06-11 18:17:27.113656 - Логи успешно обновлены на GitHub
[INFO] 2025-06-11 18:17:28.740175 - Логи успешно обновлены на GitHub
[INFO] 2025-06-11 18:17:30.275414 - Логи успешно обновлены на GitHub
[INFO] 2025-06-11 18:17:31.847760 - Логи успешно обновлены на GitHub
[INFO] 2025-06-11 18:17:33.483323 - Логи успешно обновлены на GitHub
[INFO] 2025-06-11 18:17:35.143814 - Логи успешно обновлены на GitHub
[INFO] 2025-06-11 18:17:36.691317 - Логи успешно обновлены на GitHub
[INFO] 2025-06-11 18:17:38.204545 - Логи успешно обновлены на GitHub
[INFO] 2025-06-11 18:17:39.770353 - Логи успешно обновлены на GitHub
[INFO] 2025-06-11 18:17:41.274354 - Логи успешно обновлены на GitHub
[INFO] 2025-06-11 18:17:42.807123 - Логи успешно обновлены на GitHub
[INFO] 2025-06-11 18:17:44.411238 - Логи успешно обновлены на GitHub
[INFO] 2025-06-11 18:17:46.022882 - Логи успешно обновлены на GitHub
[INFO] 2025-06-11 18:17:47.848904 - Логи успешно обновлены на GitHub
[INFO] 2025-06-11 18:17:49.301632 - Логи успешно обновлены на GitHub
[INFO] 2025-06-11 18:17:50.914664 - Логи успешно обновлены на GitHub
[INFO] 2025-06-11 18:17:52.472985 - Логи успешно обновлены на GitHub
[INFO] 2025-06-11 18:17:54.076176 - Логи успешно обновлены на GitHub
[INFO] 2025-06-11 18:17:55.690076 - Логи успешно обновлены на GitHub
[INFO] 2025-06-11 18:17:57.227926 - Логи успешно обновлены на GitHub
[INFO] 2025-06-11 18:17:58.869092 - Логи успешно обновлены на GitHub
[INFO] 2025-06-11 18:18:00.451761 - Логи успешно обновлены на GitHub
[INFO] 2025-06-11 18:18:01.996995 - Логи успешно обновлены на GitHub
[INFO] 2025-06-11 18:18:03.509528 - Логи успешно обновлены на GitHub
[INFO] 2025-06-11 18:18:05.009568 - Логи успешно обновлены на GitHub
[INFO] 2025-06-11 18:18:06.588289 - Логи успешно обновлены на GitHub
[INFO] 2025-06-11 18:18:08.060353 - Логи успешно обновлены на GitHub
[INFO] 2025-06-11 18:18:09.766276 - Логи успешно обновлены на GitHub
[INFO] 2025-06-11 18:18:11.502440 - Логи успешно обновлены на GitHub
[INFO] 2025-06-11 18:18:13.069087 - Логи успешно обновлены на GitHub
[INFO] 2025-06-11 18:18:14.695864 - Логи успешно обновлены на GitHub
[INFO] 2025-06-11 18:18:16.345944 - Логи успешно обновлены на GitHub
[INFO] 2025-06-11 18:18:17.927308 - Логи успешно обновлены на GitHub
[INFO] 2025-06-11 18:18:19.497679 - Логи успешно обновлены на GitHub
[INFO] 2025-06-11 18:18:21.164558 - Логи успешно обновлены на GitHub
[INFO] 2025-06-11 18:18:22.821630 - Логи успешно обновлены на GitHub
[INFO] 2025-06-11 18:18:24.390941 - Логи успешно обновлены на GitHub
[INFO] 2025-06-11 18:18:26.000219 - Логи успешно обновлены на GitHub
[INFO] 2025-06-11 18:18:27.656739 - Логи успешно обновлены на GitHub
[INFO] 2025-06-11 18:18:29.200301 - Логи успешно обновлены на GitHub
[INFO] 2025-06-11 18:18:30.791492 - Логи успешно обновлены на GitHub
[INFO] 2025-06-11 18:18:32.323165 - Логи успешно обновлены на GitHub
[INFO] 2025-06-11 18:18:33.922695 - Логи успешно обновлены на GitHub
[INFO] 2025-06-11 18:18:35.498248 - Логи успешно обновлены на GitHub
[INFO] 2025-06-11 18:18:37.110745 - Логи успешно обновлены на GitHub
[INFO] 2025-06-11 18:18:38.706847 - Логи успешно обновлены на GitHub
[INFO] 2025-06-11 18:18:40.292243 - Логи успешно обновлены на GitHub
[INFO] 2025-06-11 18:18:41.788049 - Логи успешно обновлены на GitHub
[INFO] 2025-06-11 18:18:43.440277 - Логи успешно обновлены на GitHub
[INFO] 2025-06-11 18:18:45.034507 - Логи успешно обновлены на GitHub
[INFO] 2025-06-11 18:18:46.597612 - Логи успешно обновлены на GitHub
[INFO] 2025-06-11 18:18:48.107479 - Логи успешно обновлены на GitHub
[INFO] 2025-06-11 18:18:49.651898 - Логи успешно обновлены на GitHub
[INFO] 2025-06-11 18:18:51.307380 - Логи успешно обновлены на GitHub
[INFO] 2025-06-11 18:18:52.991612 - Логи успешно обновлены на GitHub
[INFO] 2025-06-11 18:18:54.500216 - Логи успешно обновлены на GitHub
[INFO] 2025-06-11 18:18:56.089010 - Логи успешно обновлены на GitHub
[INFO] 2025-06-11 18:18:57.681443 - Логи успешно обновлены на GitHub
[INFO] 2025-06-11 18:18:59.233557 - Логи успешно обновлены на GitHub
[INFO] 2025-06-11 18:19:00.854978 - Логи успешно обновлены на GitHub
[INFO] 2025-06-11 18:19:02.789268 - Логи успешно обновлены на GitHub
[INFO] 2025-06-11 18:19:04.560533 - Логи успешно обновлены на GitHub
[INFO] 2025-06-11 18:19:06.142837 - Логи успешно обновлены на GitHub
[INFO] 2025-06-11 18:19:07.698047 - Логи успешно обновлены на GitHub
[INFO] 2025-06-11 18:19:09.252845 - Логи успешно обновлены на GitHub
[INFO] 2025-06-11 18:19:10.858526 - Логи успешно обновлены на GitHub
[INFO] 2025-06-11 18:19:12.445301 - Логи успешно обновлены на GitHub
[INFO] 2025-06-11 18:19:13.990228 - Логи успешно обновлены на GitHub
[INFO] 2025-06-11 18:19:15.611792 - Логи успешно обновлены на GitHub
[INFO] 2025-06-11 18:19:17.129055 - Логи успешно обновлены на GitHub
[INFO] 2025-06-11 18:19:18.762247 - Логи успешно обновлены на GitHub
[INFO] 2025-06-11 18:19:20.332785 - Логи успешно обновлены на GitHub
[INFO] 2025-06-11 18:19:21.807971 - Логи успешно обновлены на GitHub
[INFO] 2025-06-11 18:19:23.534640 - Логи успешно обновлены на GitHub
[INFO] 2025-06-11 18:19:25.141860 - Логи успешно обновлены на GitHub
[INFO] 2025-06-11 18:19:26.704386 - Логи успешно обновлены на GitHub
[INFO] 2025-06-11 18:19:28.240260 - Логи успешно обновлены на GitHub
[INFO] 2025-06-11 18:19:29.803876 - Логи успешно обновлены на GitHub
[INFO] 2025-06-11 18:19:31.396735 - Логи успешно обновлены на GitHub
[INFO] 2025-06-11 18:19:32.932439 - Логи успешно обновлены на GitHub
[INFO] 2025-06-11 18:19:34.544187 - Логи успешно обновлены на GitHub
[INFO] 2025-06-11 18:19:36.083768 - Логи успешно обновлены на GitHub
[INFO] 2025-06-11 18:19:37.661972 - Логи успешно обновлены на GitHub
[INFO] 2025-06-11 18:19:39.282824 - Логи успешно обновлены на GitHub
[INFO] 2025-06-11 18:19:40.982434 - Логи успешно обновлены на GitHub
[INFO] 2025-06-11 18:19:42.606007 - Логи успешно обновлены на GitHub
[INFO] 2025-06-11 18:19:44.149919 - Логи успешно обновлены на GitHub
[INFO] 2025-06-11 18:19:45.722492 - Логи успешно обновлены на GitHub
[INFO] 2025-06-11 18:19:47.409975 - Логи успешно обновлены на GitHub
[INFO] 2025-06-11 18:19:48.951498 - Логи успешно обновлены на GitHub
[INFO] 2025-06-11 18:19:50.560586 - Логи успешно обновлены на GitHub
[INFO] 2025-06-11 18:19:52.081068 - Логи успешно обновлены на GitHub
[INFO] 2025-06-11 18:19:53.613023 - Логи успешно обновлены на GitHub
[INFO] 2025-06-11 18:19:55.203478 - Логи успешно обновлены на GitHub
[INFO] 2025-06-11 18:19:56.779870 - Логи успешно обновлены на GitHub
[ERROR] 2025-06-11 18:19:58.014144 - Не удалось сохранить логи на GitHub: maximum recursion depth exceeded
[ERROR] 2025-06-11 18:19:59.032958 - Не удалось сохранить логи на GitHub: maximum recursion depth exceeded while calling a Python object
[ERROR] 2025-06-11 18:20:00.034773 - Не удалось сохранить логи на GitHub: maximum recursion depth exceeded
[ERROR] 2025-06-11 18:20:01.036755 - Не удалось сохранить логи на GitHub: maximum recursion depth exceeded
[ERROR] 2025-06-11 18:20:02.037095 - Не удалось сохранить логи на GitHub: maximum recursion depth exceeded while calling a Python object
[ERROR] 2025-06-11 18:20:03.037255 - Не удалось сохранить логи на GitHub: maximum recursion depth exceeded in comparison
[ERROR] 2025-06-11 18:20:04.037521 - Не удалось сохранить логи на GitHub: maximum recursion depth exceeded in __instancecheck__
[ERROR] 2025-06-11 18:20:05.037618 - Не удалось сохранить логи на GitHub: maximum recursion depth exceeded
[ERROR] 2025-06-11 18:20:06.037812 - Не удалось сохранить логи на GitHub: maximum recursion depth exceeded
[ERROR] 2025-06-11 18:20:06.038334 - Не удалось сохранить логи на GitHub: maximum recursion depth exceeded
[ERROR] 2025-06-11 18:20:06.038712 - Не удалось сохранить логи на GitHub: maximum recursion depth exceeded in comparison
[ERROR] 2025-06-11 18:20:06.038787 - Не удалось сохранить логи на GitHub: maximum recursion depth exceeded while calling a Python object
[ERROR] 2025-06-11 18:20:07.320340 - Не удалось сохранить логи на GitHub: maximum recursion depth exceeded
[ERROR] 2025-06-11 18:20:08.339617 - Не удалось сохранить логи на GitHub: maximum recursion depth exceeded while calling a Python object
[ERROR] 2025-06-11 18:20:09.341334 - Не удалось сохранить логи на GitHub: maximum recursion depth exceeded
[ERROR] 2025-06-11 18:20:10.342637 - Не удалось сохранить логи на GitHub: maximum recursion depth exceeded
[ERROR] 2025-06-11 18:20:11.343171 - Не удалось сохранить логи на GitHub: maximum recursion depth exceeded while calling a Python object
[ERROR] 2025-06-11 18:20:12.343612 - Не удалось сохранить логи на GitHub: maximum recursion depth exceeded in comparison
[ERROR] 2025-06-11 18:20:13.343652 - Не удалось сохранить логи на GitHub: maximum recursion depth exceeded in __instancecheck__
[ERROR] 2025-06-11 18:20:14.343753 - Не удалось сохранить логи на GitHub: maximum recursion depth exceeded
[ERROR] 2025-06-11 18:20:15.343899 - Не удалось сохранить логи на GitHub: maximum recursion depth exceeded
[ERROR] 2025-06-11 18:20:15.344427 - Не удалось сохранить логи на GitHub: maximum recursion depth exceeded
[ERROR] 2025-06-11 18:20:15.344733 - Не удалось сохранить логи на GitHub: maximum recursion depth exceeded in comparison
[ERROR] 2025-06-11 18:20:15.344800 - Не удалось сохранить логи на GitHub: maximum recursion depth exceeded while calling a Python object
[INFO] 2025-06-11 18:20:17.077816 - Логи успешно обновлены на GitHub
[ERROR] 2025-06-11 18:20:18.359081 - Не удалось сохранить логи на GitHub: maximum recursion depth exceeded
[ERROR] 2025-06-11 18:20:19.376229 - Не удалось сохранить логи на GitHub: maximum recursion depth exceeded while calling a Python object
[ERROR] 2025-06-11 18:20:20.377639 - Не удалось сохранить логи на GitHub: maximum recursion depth exceeded
[ERROR] 2025-06-11 18:20:21.378982 - Не удалось сохранить логи на GitHub: maximum recursion depth exceeded
[ERROR] 2025-06-11 18:20:22.379294 - Не удалось сохранить логи на GitHub: maximum recursion depth exceeded while calling a Python object
[ERROR] 2025-06-11 18:20:23.379691 - Не удалось сохранить логи на GitHub: maximum recursion depth exceeded in comparison
[ERROR] 2025-06-11 18:20:24.379843 - Не удалось сохранить логи на GitHub: maximum recursion depth exceeded in __instancecheck__
[ERROR] 2025-06-11 18:20:25.380042 - Не удалось сохранить логи на GitHub: maximum recursion depth exceeded
[ERROR] 2025-06-11 18:20:26.380169 - Не удалось сохранить логи на GitHub: maximum recursion depth exceeded
[ERROR] 2025-06-11 18:20:26.380744 - Не удалось сохранить логи на GitHub: maximum recursion depth exceeded
[ERROR] 2025-06-11 18:20:26.381152 - Не удалось сохранить логи на GitHub: maximum recursion depth exceeded in comparison
[ERROR] 2025-06-11 18:20:26.381223 - Не удалось сохранить логи на GitHub: maximum recursion depth exceeded while calling a Python object
[ERROR] 2025-06-11 18:20:27.756198 - Не удалось сохранить логи на GitHub: maximum recursion depth exceeded
[ERROR] 2025-06-11 18:20:28.776779 - Не удалось сохранить логи на GitHub: maximum recursion depth exceeded while calling a Python object
[ERROR] 2025-06-11 18:20:29.778564 - Не удалось сохранить логи на GitHub: maximum recursion depth exceeded
[ERROR] 2025-06-11 18:20:30.780135 - Не удалось сохранить логи на GitHub: maximum recursion depth exceeded
[ERROR] 2025-06-11 18:20:31.781882 - Не удалось сохранить логи на GitHub: maximum recursion depth exceeded while calling a Python object
[ERROR] 2025-06-11 18:20:32.780702 - Не удалось сохранить логи на GitHub: maximum recursion depth exceeded in comparison
[ERROR] 2025-06-11 18:20:33.780928 - Не удалось сохранить логи на GitHub: maximum recursion depth exceeded in __instancecheck__
[ERROR] 2025-06-11 18:20:34.781237 - Не удалось сохранить логи на GitHub: maximum recursion depth exceeded
[ERROR] 2025-06-11 18:20:35.781411 - Не удалось сохранить логи на GitHub: maximum recursion depth exceeded
[ERROR] 2025-06-11 18:20:35.781965 - Не удалось сохранить логи на GitHub: maximum recursion depth exceeded
[ERROR] 2025-06-11 18:20:35.782460 - Не удалось сохранить логи на GitHub: maximum recursion depth exceeded in comparison
[ERROR] 2025-06-11 18:20:35.782553 - Не удалось сохранить логи на GitHub: maximum recursion depth exceeded while calling a Python object
[INFO] 2025-06-11 18:20:37.326868 - Логи успешно обновлены на GitHub
[INFO] 2025-06-11 18:20:38.879825 - Логи успешно обновлены на GitHub
[ERROR] 2025-06-11 18:20:40.110562 - Не удалось сохранить логи на GitHub: maximum recursion depth exceeded
[ERROR] 2025-06-11 18:20:41.132921 - Не удалось сохранить логи на GitHub: maximum recursion depth exceeded while calling a Python object
[ERROR] 2025-06-11 18:20:42.134572 - Не удалось сохранить логи на GitHub: maximum recursion depth exceeded
[ERROR] 2025-06-11 18:20:43.135945 - Не удалось сохранить логи на GitHub: maximum recursion depth exceeded
[ERROR] 2025-06-11 18:20:44.136284 - Не удалось сохранить логи на GitHub: maximum recursion depth exceeded while calling a Python object
[ERROR] 2025-06-11 18:20:45.136556 - Не удалось сохранить логи на GitHub: maximum recursion depth exceeded in comparison
[ERROR] 2025-06-11 18:20:46.136773 - Не удалось сохранить логи на GitHub: maximum recursion depth exceeded in __instancecheck__
[ERROR] 2025-06-11 18:20:47.136943 - Не удалось сохранить логи на GitHub: maximum recursion depth exceeded
[ERROR] 2025-06-11 18:20:48.137119 - Не удалось сохранить логи на GitHub: maximum recursion depth exceeded
[ERROR] 2025-06-11 18:20:48.137853 - Не удалось сохранить логи на GitHub: maximum recursion depth exceeded
[ERROR] 2025-06-11 18:20:48.138343 - Не удалось сохранить логи на GitHub: maximum recursion depth exceeded in comparison
[ERROR] 2025-06-11 18:20:48.138460 - Не удалось сохранить логи на GitHub: maximum recursion depth exceeded while calling a Python object
[ERROR] 2025-06-11 18:20:49.433700 - Не удалось сохранить логи на GitHub: maximum recursion depth exceeded
[ERROR] 2025-06-11 18:20:50.486685 - Не удалось сохранить логи на GitHub: maximum recursion depth exceeded while calling a Python object
[ERROR] 2025-06-11 18:20:51.488057 - Не удалось сохранить логи на GitHub: maximum recursion depth exceeded
[ERROR] 2025-06-11 18:20:52.489740 - Не удалось сохранить логи на GitHub: maximum recursion depth exceeded
[ERROR] 2025-06-11 18:20:53.490084 - Не удалось сохранить логи на GitHub: maximum recursion depth exceeded while calling a Python object
[ERROR] 2025-06-11 18:20:54.490342 - Не удалось сохранить логи на GitHub: maximum recursion depth exceeded in comparison
[ERROR] 2025-06-11 18:20:55.490579 - Не удалось сохранить логи на GitHub: maximum recursion depth exceeded in __instancecheck__
[ERROR] 2025-06-11 18:20:56.490738 - Не удалось сохранить логи на GitHub: maximum recursion depth exceeded
[ERROR] 2025-06-11 18:20:57.490847 - Не удалось сохранить логи на GitHub: maximum recursion depth exceeded
[ERROR] 2025-06-11 18:20:57.491274 - Не удалось сохранить логи на GitHub: maximum recursion depth exceeded
[ERROR] 2025-06-11 18:20:57.491669 - Не удалось сохранить логи на GitHub: maximum recursion depth exceeded in comparison
[ERROR] 2025-06-11 18:20:57.491742 - Не удалось сохранить логи на GitHub: maximum recursion depth exceeded while calling a Python object
[INFO] 2025-06-11 18:20:59.024245 - Логи успешно обновлены на GitHub
[ERROR] 2025-06-11 18:21:00.375852 - Не удалось сохранить логи на GitHub: maximum recursion depth exceeded
[ERROR] 2025-06-11 18:21:01.393545 - Не удалось сохранить логи на GitHub: maximum recursion depth exceeded while calling a Python object
[ERROR] 2025-06-11 18:21:02.394915 - Не удалось сохранить логи на GitHub: maximum recursion depth exceeded
[ERROR] 2025-06-11 18:21:03.396241 - Не удалось сохранить логи на GitHub: maximum recursion depth exceeded
[ERROR] 2025-06-11 18:21:04.396741 - Не удалось сохранить логи на GitHub: maximum recursion depth exceeded while calling a Python object
[ERROR] 2025-06-11 18:21:05.396850 - Не удалось сохранить логи на GitHub: maximum recursion depth exceeded in comparison
[ERROR] 2025-06-11 18:21:06.397013 - Не удалось сохранить логи на GitHub: maximum recursion depth exceeded in __instancecheck__
[ERROR] 2025-06-11 18:21:07.397173 - Не удалось сохранить логи на GitHub: maximum recursion depth exceeded
[ERROR] 2025-06-11 18:21:08.397398 - Не удалось сохранить логи на GitHub: maximum recursion depth exceeded
[ERROR] 2025-06-11 18:21:08.397961 - Не удалось сохранить логи на GitHub: maximum recursion depth exceeded
[ERROR] 2025-06-11 18:21:08.398405 - Не удалось сохранить логи на GitHub: maximum recursion depth exceeded in comparison
[ERROR] 2025-06-11 18:21:08.398499 - Не удалось сохранить логи на GitHub: maximum recursion depth exceeded while calling a Python object
[ERROR] 2025-06-11 18:21:09.707922 - Не удалось сохранить логи на GitHub: maximum recursion depth exceeded
[ERROR] 2025-06-11 18:21:10.725827 - Не удалось сохранить логи на GitHub: maximum recursion depth exceeded while calling a Python object
[ERROR] 2025-06-11 18:21:11.727408 - Не удалось сохранить логи на GitHub: maximum recursion depth exceeded
[ERROR] 2025-06-11 18:21:12.729039 - Не удалось сохранить логи на GitHub: maximum recursion depth exceeded
[ERROR] 2025-06-11 18:21:13.729393 - Не удалось сохранить логи на GitHub: maximum recursion depth exceeded while calling a Python object
[ERROR] 2025-06-11 18:21:14.729652 - Не удалось сохранить логи на GitHub: maximum recursion depth exceeded in comparison
[ERROR] 2025-06-11 18:21:15.729898 - Не удалось сохранить логи на GitHub: maximum recursion depth exceeded in __instancecheck__
[ERROR] 2025-06-11 18:21:16.730026 - Не удалось сохранить логи на GitHub: maximum recursion depth exceeded
[ERROR] 2025-06-11 18:21:17.730208 - Не удалось сохранить логи на GitHub: maximum recursion depth exceeded
[ERROR] 2025-06-11 18:21:17.730859 - Не удалось сохранить логи на GitHub: maximum recursion depth exceeded
[ERROR] 2025-06-11 18:21:17.731239 - Не удалось сохранить логи на GitHub: maximum recursion depth exceeded in comparison
[ERROR] 2025-06-11 18:21:17.731311 - Не удалось сохранить логи на GitHub: maximum recursion depth exceeded while calling a Python object
[INFO] 2025-06-11 18:21:19.308946 - Логи успешно обновлены на GitHub
[INFO] 2025-06-11 18:21:20.978895 - Логи успешно обновлены на GitHub
[INFO] 2025-06-11 18:21:22.553331 - Логи успешно обновлены на GitHub
[ERROR] 2025-06-11 18:21:23.899303 - Не удалось сохранить логи на GitHub: maximum recursion depth exceeded
[ERROR] 2025-06-11 18:21:24.916600 - Не удалось сохранить логи на GitHub: maximum recursion depth exceeded while calling a Python object
[ERROR] 2025-06-11 18:21:25.918500 - Не удалось сохранить логи на GitHub: maximum recursion depth exceeded
[ERROR] 2025-06-11 18:21:26.920199 - Не удалось сохранить логи на GitHub: maximum recursion depth exceeded
[ERROR] 2025-06-11 18:21:27.920573 - Не удалось сохранить логи на GitHub: maximum recursion depth exceeded while calling a Python object
[ERROR] 2025-06-11 18:21:28.921061 - Не удалось сохранить логи на GitHub: maximum recursion depth exceeded in comparison
[ERROR] 2025-06-11 18:21:29.921267 - Не удалось сохранить логи на GitHub: maximum recursion depth exceeded in __instancecheck__
[ERROR] 2025-06-11 18:21:30.921545 - Не удалось сохранить логи на GitHub: maximum recursion depth exceeded
[ERROR] 2025-06-11 18:21:31.921600 - Не удалось сохранить логи на GitHub: maximum recursion depth exceeded
[ERROR] 2025-06-11 18:21:31.922182 - Не удалось сохранить логи на GitHub: maximum recursion depth exceeded
[ERROR] 2025-06-11 18:21:31.922705 - Не удалось сохранить логи на GitHub: maximum recursion depth exceeded in comparison
[ERROR] 2025-06-11 18:21:31.922793 - Не удалось сохранить логи на GitHub: maximum recursion depth exceeded while calling a Python object
[ERROR] 2025-06-11 18:21:33.193302 - Не удалось сохранить логи на GitHub: maximum recursion depth exceeded
[ERROR] 2025-06-11 18:21:34.211329 - Не удалось сохранить логи на GitHub: maximum recursion depth exceeded while calling a Python object
[ERROR] 2025-06-11 18:21:35.212748 - Не удалось сохранить логи на GitHub: maximum recursion depth exceeded
[ERROR] 2025-06-11 18:21:36.214534 - Не удалось сохранить логи на GitHub: maximum recursion depth exceeded
[ERROR] 2025-06-11 18:21:37.214819 - Не удалось сохранить логи на GitHub: maximum recursion depth exceeded while calling a Python object
[ERROR] 2025-06-11 18:21:38.215057 - Не удалось сохранить логи на GitHub: maximum recursion depth exceeded in comparison
[ERROR] 2025-06-11 18:21:39.215273 - Не удалось сохранить логи на GitHub: maximum recursion depth exceeded in __instancecheck__
[ERROR] 2025-06-11 18:21:40.215546 - Не удалось сохранить логи на GitHub: maximum recursion depth exceeded
[ERROR] 2025-06-11 18:21:41.215674 - Не удалось сохранить логи на GitHub: maximum recursion depth exceeded
[ERROR] 2025-06-11 18:21:41.216433 - Не удалось сохранить логи на GitHub: maximum recursion depth exceeded
[ERROR] 2025-06-11 18:21:41.217011 - Не удалось сохранить логи на GitHub: maximum recursion depth exceeded in comparison
[ERROR] 2025-06-11 18:21:41.217235 - Не удалось сохранить логи на GitHub: maximum recursion depth exceeded while calling a Python object
[INFO] 2025-06-11 18:21:42.909695 - Логи успешно обновлены на GitHub
[ERROR] 2025-06-11 18:21:44.114948 - Не удалось сохранить логи на GitHub: maximum recursion depth exceeded
[ERROR] 2025-06-11 18:21:45.131122 - Не удалось сохранить логи на GitHub: maximum recursion depth exceeded while calling a Python object
[ERROR] 2025-06-11 18:21:46.132586 - Не удалось сохранить логи на GitHub: maximum recursion depth exceeded
[ERROR] 2025-06-11 18:21:47.133903 - Не удалось сохранить логи на GitHub: maximum recursion depth exceeded
[ERROR] 2025-06-11 18:21:48.134251 - Не удалось сохранить логи на GitHub: maximum recursion depth exceeded while calling a Python object
[ERROR] 2025-06-11 18:21:49.134618 - Не удалось сохранить логи на GitHub: maximum recursion depth exceeded in comparison
[ERROR] 2025-06-11 18:21:50.134822 - Не удалось сохранить логи на GitHub: maximum recursion depth exceeded in __instancecheck__
[ERROR] 2025-06-11 18:21:51.134964 - Не удалось сохранить логи на GitHub: maximum recursion depth exceeded
[ERROR] 2025-06-11 18:21:52.135110 - Не удалось сохранить логи на GitHub: maximum recursion depth exceeded
[ERROR] 2025-06-11 18:21:52.135673 - Не удалось сохранить логи на GitHub: maximum recursion depth exceeded
[ERROR] 2025-06-11 18:21:52.136086 - Не удалось сохранить логи на GitHub: maximum recursion depth exceeded in comparison
[ERROR] 2025-06-11 18:21:52.136192 - Не удалось сохранить логи на GitHub: maximum recursion depth exceeded while calling a Python object
[ERROR] 2025-06-11 18:21:53.509128 - Не удалось сохранить логи на GitHub: maximum recursion depth exceeded
[ERROR] 2025-06-11 18:21:54.529247 - Не удалось сохранить логи на GitHub: maximum recursion depth exceeded while calling a Python object
[ERROR] 2025-06-11 18:21:55.530740 - Не удалось сохранить логи на GitHub: maximum recursion depth exceeded
[ERROR] 2025-06-11 18:21:56.532119 - Не удалось сохранить логи на GitHub: maximum recursion depth exceeded
[ERROR] 2025-06-11 18:21:57.532502 - Не удалось сохранить логи на GitHub: maximum recursion depth exceeded while calling a Python object
[ERROR] 2025-06-11 18:21:58.535149 - Не удалось сохранить логи на GitHub: maximum recursion depth exceeded in comparison
[ERROR] 2025-06-11 18:21:59.535342 - Не удалось сохранить логи на GitHub: maximum recursion depth exceeded in __instancecheck__
[ERROR] 2025-06-11 18:22:00.536555 - Не удалось сохранить логи на GitHub: maximum recursion depth exceeded
[ERROR] 2025-06-11 18:22:01.536720 - Не удалось сохранить логи на GitHub: maximum recursion depth exceeded
[ERROR] 2025-06-11 18:22:01.537258 - Не удалось сохранить логи на GitHub: maximum recursion depth exceeded
[ERROR] 2025-06-11 18:22:01.537724 - Не удалось сохранить логи на GitHub: maximum recursion depth exceeded in comparison
[ERROR] 2025-06-11 18:22:01.537803 - Не удалось сохранить логи на GitHub: maximum recursion depth exceeded while calling a Python object
